PRECONCIONES
TEST CASES
TESTS CASES
<testsuite name="Mocha Tests" tests="33" failures="0" errors="0" skipped="0" timestamp="Thu, 16 Feb 2017 13:38:53 GMT" time="34.828">
<testcase classname="SUITE - GALLERIES" name="Creates a new public space" time="2.315"/>
<testcase classname="SUITE - GALLERIES" name="Creates a new private space" time="2.028"/>
<testcase classname="SUITE - GALLERIES" name="Creates a new company space" time="1.4"/>
<testcase classname="SUITE - GALLERIES" name="User admin uploads an image" time="0.999"/>
<testcase classname="SUITE - GALLERIES" name="Creates un new topic" time="0.752"/>
<testcase classname="SUITE - GALLERIES" name="Creates un new article" time="0.779"/>
<testcase classname="SUITE - GALLERIES" name="case 1: Creates un new gallery" time="0.791"/>
<testcase classname="SUITE - GALLERIES" name="case 2: Creates un new galleryItem" time="1.161"/>
<testcase classname="SUITE - GALLERIES" name="case 3: Creates un new galleryItem2" time="1.138"/>
<testcase classname="SUITE - GALLERIES" name="case 4: Creates un new galleryItem3" time="0.966"/>
<testcase classname="SUITE - GALLERIES" name="case 5: Creates un new galleryItem4" time="0.912"/>
<testcase classname="SUITE - GALLERIES" name="case 6: Change the position of a galleryItem" time="0.858"/>
<testcase classname="SUITE - GALLERIES" name="case 7: fetches a gallery" time="0.547"/>
<testcase classname="SUITE - GALLERIES" name="case 8: fetches a galleryItem" time="0.943"/>
<testcase classname="SUITE - GALLERIES" name="caso 9: lists all galleryItems without paginated" time="0.892"/>
<testcase classname="SUITE - GALLERIES" name="caso 10: lists all galleryItems with paging" time="0.778"/>
<testcase classname="SUITE - GALLERIES" name="Caso 11: lists all content-items without filters" time="0.61"/>
<testcase classname="SUITE - GALLERIES" name="Caso 12: lists all content-items filtering by gallery" time="0.934"/>
<testcase classname="SUITE - GALLERIES" name="Caso 13: lists all content-items filtering by article" time="0.711"/>
<testcase classname="SUITE - GALLERIES" name="Caso 14: a galleryItem is removed from a gallery" time="1.081"/>
<testcase classname="SUITE - GALLERIES" name="case 15: gets data for a deleted galleryItem" time="0.45"/>
<testcase classname="SUITE - HASHTAG - PRIVATE SPACE" name="creates a new private space" time="1.732"/>
<testcase classname="SUITE - HASHTAG - PRIVATE SPACE" name="creates a new public space" time="0.964"/>
<testcase classname="SUITE - HASHTAG - PRIVATE SPACE" name="creates new hashtag #TEsting" time="1.119"/>
<testcase classname="SUITE - HASHTAG - PRIVATE SPACE" name="creates new hashtag #tésting" time="1.469"/>
<testcase classname="SUITE - HASHTAG - PRIVATE SPACE" name="Caso 1: Basic user gets posts filtering by hashtag" time="0.589"/>
<testcase classname="SUITE - HASHTAG - PRIVATE SPACE" name="Caso 2: User Admin joins basic user - private space" time="0.913"/>
<testcase classname="SUITE - HASHTAG - PRIVATE SPACE" name="Caso 3: Joined user posts a hashtag - private space" time="1.268"/>
<testcase classname="SUITE - HASHTAG - PRIVATE SPACE" name="Caso 4: Basic user joins himself to public space" time="0.938"/>
<testcase classname="SUITE - HASHTAG - PRIVATE SPACE" name="Caso 5: Joined user posts a hashtag - public space" time="1.412"/>
<testcase classname="SUITE - HASHTAG - PRIVATE SPACE" name="Caso 6: User admin filtered by hashtag for private space" time="1.41"/>
<testcase classname="SUITE - HASHTAG - PRIVATE SPACE" name="Caso 7: Basic user filters by hashtag for private space" time="1.034"/>
<testcase classname="SUITE - HASHTAG - PRIVATE SPACE" name="Caso 8: Basic user filters by hashtag by platform" time="0.817"/>
</testsuite>
