PRECONCIONES
TEST CASES
TESTS CASES
TESTS CASES
<testsuite name="Mocha Tests" tests="80" failures="48" errors="48" skipped="0" timestamp="Wed, 15 Feb 2017 13:55:21 GMT" time="778.68">
<testcase classname="SUITE - GALLERIES" name="Creates a new public space" time="1.598"/>
<testcase classname="SUITE - GALLERIES" name="Creates a new private space" time="1.497"/>
<testcase classname="SUITE - GALLERIES" name="Creates a new company space" time="1.354"/>
<testcase classname="SUITE - GALLERIES" name="User admin uploads an image" time="0.65"/>
<testcase classname="SUITE - GALLERIES" name="Creates un new topic" time="1.005"/>
<testcase classname="SUITE - GALLERIES" name="Creates un new article" time="0.686"/>
<testcase classname="SUITE - GALLERIES" name="case 1: Creates un new gallery" time="1.209"/>
<testcase classname="SUITE - GALLERIES" name="case 2: Creates un new galleryItem" time="45.032"><failure>timeout of 45000ms exceeded. Ensure the done() callback is being called in this test.
Error: timeout of 45000ms exceeded. Ensure the done() callback is being called in this test.</failure></testcase>
<testcase classname="SUITE - GALLERIES" name="case 3: Creates un new galleryItem2" time="45.044"><failure>timeout of 45000ms exceeded. Ensure the done() callback is being called in this test.
Error: timeout of 45000ms exceeded. Ensure the done() callback is being called in this test.</failure></testcase>
<testcase classname="SUITE - GALLERIES" name="case 4: Creates un new galleryItem3" time="45.043"><failure>timeout of 45000ms exceeded. Ensure the done() callback is being called in this test.
Error: timeout of 45000ms exceeded. Ensure the done() callback is being called in this test.</failure></testcase>
<testcase classname="SUITE - GALLERIES" name="case 5: Creates un new galleryItem4" time="45.008"><failure>timeout of 45000ms exceeded. Ensure the done() callback is being called in this test.
Error: timeout of 45000ms exceeded. Ensure the done() callback is being called in this test.</failure></testcase>
<testcase classname="SUITE - GALLERIES" name="case 6: Change the position of a galleryItem" time="0"><failure>Cannot read property 'changePosition' of null
TypeError: Cannot read property 'changePosition' of null
    at Context.&lt;anonymous&gt; (test/platforms/testsGalleries.js:251:2)</failure></testcase>
<testcase classname="SUITE - GALLERIES" name="case 7: fetches a gallery" time="45.002"><failure>timeout of 45000ms exceeded. Ensure the done() callback is being called in this test.
Error: timeout of 45000ms exceeded. Ensure the done() callback is being called in this test.</failure></testcase>
<testcase classname="SUITE - GALLERIES" name="case 8: fetches a galleryItem" time="0"><failure>Cannot read property 'id' of null
TypeError: Cannot read property 'id' of null
    at Context.&lt;anonymous&gt; (test/platforms/testsGalleries.js:275:9)</failure></testcase>
<testcase classname="SUITE - GALLERIES" name="caso 9: lists all galleryItems without paginated" time="45.033"><failure>timeout of 45000ms exceeded. Ensure the done() callback is being called in this test.
Error: timeout of 45000ms exceeded. Ensure the done() callback is being called in this test.</failure></testcase>
<testcase classname="SUITE - GALLERIES" name="caso 10: lists all galleryItems with paging" time="45.04"><failure>timeout of 45000ms exceeded. Ensure the done() callback is being called in this test.
Error: timeout of 45000ms exceeded. Ensure the done() callback is being called in this test.</failure></testcase>
<testcase classname="SUITE - GALLERIES" name="Caso 11: lists all content-items without filters" time="45.042"><failure>timeout of 45000ms exceeded. Ensure the done() callback is being called in this test.
Error: timeout of 45000ms exceeded. Ensure the done() callback is being called in this test.</failure></testcase>
<testcase classname="SUITE - GALLERIES" name="Caso 12: lists all content-items filtering by gallery" time="45.03"><failure>timeout of 45000ms exceeded. Ensure the done() callback is being called in this test.
Error: timeout of 45000ms exceeded. Ensure the done() callback is being called in this test.</failure></testcase>
<testcase classname="SUITE - GALLERIES" name="Caso 13: lists all content-items filtering by article" time="45.025"><failure>timeout of 45000ms exceeded. Ensure the done() callback is being called in this test.
Error: timeout of 45000ms exceeded. Ensure the done() callback is being called in this test.</failure></testcase>
<testcase classname="SUITE - GALLERIES" name="Caso 14: a galleryItem is removed from a gallery" time="0.001"><failure>Cannot read property 'id' of null
TypeError: Cannot read property 'id' of null
    at Context.&lt;anonymous&gt; (test/platforms/testsGalleries.js:350:30)</failure></testcase>
<testcase classname="SUITE - GALLERIES" name="case 15: gets data for a deleted galleryItem" time="0"><failure>Cannot read property 'id' of null
TypeError: Cannot read property 'id' of null
    at Context.&lt;anonymous&gt; (test/platforms/testsGalleries.js:362:9)</failure></testcase>
<testcase classname="SUITE - HASHTAG - PRIVATE SPACE" name="creates a new private space" time="3.043"/>
<testcase classname="SUITE - HASHTAG - PRIVATE SPACE" name="creates a new public space" time="1.15"/>
<testcase classname="SUITE - HASHTAG - PRIVATE SPACE" name="creates new hashtag #TEsting" time="2.651"/>
<testcase classname="SUITE - HASHTAG - PRIVATE SPACE" name="creates new hashtag #tésting" time="2.262"/>
<testcase classname="SUITE - HASHTAG - PRIVATE SPACE" name="Caso 1: Basic user gets posts filtering by hashtag" time="0.691"/>
<testcase classname="SUITE - HASHTAG - PRIVATE SPACE" name="Caso 2: User Admin joins basic user - private space" time="0"><failure>expected { Object (domain, _events, ...) } to have status code 204 but got 404
AssertionError: expected { Object (domain, _events, ...) } to have status code 204 but got 404
    at test/social/testHashtagPrivateSpace.js:128:24
    at Test.Request.callback (node_modules/superagent/lib/node/index.js:631:3)
    at node_modules/superagent/lib/node/index.js:795:18
    at Stream.&lt;anonymous&gt; (node_modules/superagent/lib/node/parsers/json.js:16:7)
    at Unzip.&lt;anonymous&gt; (node_modules/superagent/lib/node/utils.js:112:12)
    at endReadableNT (_stream_readable.js:974:12)
    at _combinedTickCallback (internal/process/next_tick.js:74:11)
    at process._tickCallback (internal/process/next_tick.js:98:9)</failure></testcase>
<testcase classname="SUITE - HASHTAG - PRIVATE SPACE" name="Caso 3: Joined user posts a hashtag - private space" time="45.035"><failure>timeout of 45000ms exceeded. Ensure the done() callback is being called in this test.
Error: timeout of 45000ms exceeded. Ensure the done() callback is being called in this test.</failure></testcase>
<testcase classname="SUITE - HASHTAG - PRIVATE SPACE" name="Caso 4: Basic user joins himself to public space" time="0"><failure>expected { Object (domain, _events, ...) } to have status code 204 but got 404
AssertionError: expected { Object (domain, _events, ...) } to have status code 204 but got 404
    at test/social/testHashtagPrivateSpace.js:156:24
    at Test.Request.callback (node_modules/superagent/lib/node/index.js:631:3)
    at node_modules/superagent/lib/node/index.js:795:18
    at Stream.&lt;anonymous&gt; (node_modules/superagent/lib/node/parsers/json.js:16:7)
    at Unzip.&lt;anonymous&gt; (node_modules/superagent/lib/node/utils.js:112:12)
    at endReadableNT (_stream_readable.js:974:12)
    at _combinedTickCallback (internal/process/next_tick.js:74:11)
    at process._tickCallback (internal/process/next_tick.js:98:9)</failure></testcase>
<testcase classname="SUITE - HASHTAG - PRIVATE SPACE" name="Caso 5: Joined user posts a hashtag - public space" time="45.045"><failure>timeout of 45000ms exceeded. Ensure the done() callback is being called in this test.
Error: timeout of 45000ms exceeded. Ensure the done() callback is being called in this test.</failure></testcase>
<testcase classname="SUITE - HASHTAG - PRIVATE SPACE" name="Caso 6: User admin filtered by hashtag for private space" time="45.043"><failure>timeout of 45000ms exceeded. Ensure the done() callback is being called in this test.
Error: timeout of 45000ms exceeded. Ensure the done() callback is being called in this test.</failure></testcase>
<testcase classname="SUITE - HASHTAG - PRIVATE SPACE" name="Caso 7: Basic user filters by hashtag for private space" time="45.016"><failure>timeout of 45000ms exceeded. Ensure the done() callback is being called in this test.
Error: timeout of 45000ms exceeded. Ensure the done() callback is being called in this test.</failure></testcase>
<testcase classname="SUITE - HASHTAG - PRIVATE SPACE" name="Caso 8: Basic user filters by hashtag by platform" time="45.001"><failure>timeout of 45000ms exceeded. Ensure the done() callback is being called in this test.
Error: timeout of 45000ms exceeded. Ensure the done() callback is being called in this test.</failure></testcase>
<testcase classname="SUITE - HASHTAG - PUBLIC SPACE" name="creates a new public space" time="45.045"><failure>timeout of 45000ms exceeded. Ensure the done() callback is being called in this test.
Error: timeout of 45000ms exceeded. Ensure the done() callback is being called in this test.</failure></testcase>
<testcase classname="SUITE - HASHTAG - PUBLIC SPACE" name="creates new hashtag #testing" time="0.002"><failure>Cannot read property 'id' of null
TypeError: Cannot read property 'id' of null
    at Object.ref (src/serializers/postSerializer.js:25:32)
    at getRef (node_modules/jsonapi-serializer/lib/serializer-utils.js:42:19)
    at serializeRef (node_modules/jsonapi-serializer/lib/serializer-utils.js:165:14)
    at serialize (node_modules/jsonapi-serializer/lib/serializer-utils.js:125:21)
    at node_modules/jsonapi-serializer/lib/serializer-utils.js:263:14
    at arrayEach (node_modules/jsonapi-serializer/node_modules/lodash/index.js:1289:13)
    at Function.&lt;anonymous&gt; (node_modules/jsonapi-serializer/node_modules/lodash/index.js:3345:13)
    at perform (node_modules/jsonapi-serializer/lib/serializer-utils.js:250:7)
    at resource (node_modules/jsonapi-serializer/lib/serializer.js:34:20)
    at serialize (node_modules/jsonapi-serializer/lib/serializer.js:50:14)
    at PostSerializer.serialize (src/serializers/postSerializer.js:54:42)
    at Post.create (src/models/abstractModel.js:17:25)
    at Context.&lt;anonymous&gt; (test/social/testHashtagPublicSpace.js:69:7)</failure></testcase>
<testcase classname="SUITE - HASHTAG - PUBLIC SPACE" name="creates new hashtag #TEsting" time="0.001"><failure>Cannot read property 'id' of null
TypeError: Cannot read property 'id' of null
    at Object.ref (src/serializers/postSerializer.js:25:32)
    at getRef (node_modules/jsonapi-serializer/lib/serializer-utils.js:42:19)
    at serializeRef (node_modules/jsonapi-serializer/lib/serializer-utils.js:165:14)
    at serialize (node_modules/jsonapi-serializer/lib/serializer-utils.js:125:21)
    at node_modules/jsonapi-serializer/lib/serializer-utils.js:263:14
    at arrayEach (node_modules/jsonapi-serializer/node_modules/lodash/index.js:1289:13)
    at Function.&lt;anonymous&gt; (node_modules/jsonapi-serializer/node_modules/lodash/index.js:3345:13)
    at perform (node_modules/jsonapi-serializer/lib/serializer-utils.js:250:7)
    at resource (node_modules/jsonapi-serializer/lib/serializer.js:34:20)
    at serialize (node_modules/jsonapi-serializer/lib/serializer.js:50:14)
    at PostSerializer.serialize (src/serializers/postSerializer.js:54:42)
    at Post.create (src/models/abstractModel.js:17:25)
    at Context.&lt;anonymous&gt; (test/social/testHashtagPublicSpace.js:84:7)</failure></testcase>
<testcase classname="SUITE - HASHTAG - PUBLIC SPACE" name="creates new hashtag #tesTING" time="0"><failure>Cannot read property 'id' of null
TypeError: Cannot read property 'id' of null
    at Object.ref (src/serializers/postSerializer.js:25:32)
    at getRef (node_modules/jsonapi-serializer/lib/serializer-utils.js:42:19)
    at serializeRef (node_modules/jsonapi-serializer/lib/serializer-utils.js:165:14)
    at serialize (node_modules/jsonapi-serializer/lib/serializer-utils.js:125:21)
    at node_modules/jsonapi-serializer/lib/serializer-utils.js:263:14
    at arrayEach (node_modules/jsonapi-serializer/node_modules/lodash/index.js:1289:13)
    at Function.&lt;anonymous&gt; (node_modules/jsonapi-serializer/node_modules/lodash/index.js:3345:13)
    at perform (node_modules/jsonapi-serializer/lib/serializer-utils.js:250:7)
    at resource (node_modules/jsonapi-serializer/lib/serializer.js:34:20)
    at serialize (node_modules/jsonapi-serializer/lib/serializer.js:50:14)
    at PostSerializer.serialize (src/serializers/postSerializer.js:54:42)
    at Post.create (src/models/abstractModel.js:17:25)
    at Context.&lt;anonymous&gt; (test/social/testHashtagPublicSpace.js:99:7)</failure></testcase>
<testcase classname="SUITE - HASHTAG - PUBLIC SPACE" name="creates new hashtag #TESTING" time="0"><failure>Cannot read property 'id' of null
TypeError: Cannot read property 'id' of null
    at Object.ref (src/serializers/postSerializer.js:25:32)
    at getRef (node_modules/jsonapi-serializer/lib/serializer-utils.js:42:19)
    at serializeRef (node_modules/jsonapi-serializer/lib/serializer-utils.js:165:14)
    at serialize (node_modules/jsonapi-serializer/lib/serializer-utils.js:125:21)
    at node_modules/jsonapi-serializer/lib/serializer-utils.js:263:14
    at arrayEach (node_modules/jsonapi-serializer/node_modules/lodash/index.js:1289:13)
    at Function.&lt;anonymous&gt; (node_modules/jsonapi-serializer/node_modules/lodash/index.js:3345:13)
    at perform (node_modules/jsonapi-serializer/lib/serializer-utils.js:250:7)
    at resource (node_modules/jsonapi-serializer/lib/serializer.js:34:20)
    at serialize (node_modules/jsonapi-serializer/lib/serializer.js:50:14)
    at PostSerializer.serialize (src/serializers/postSerializer.js:54:42)
    at Post.create (src/models/abstractModel.js:17:25)
    at Context.&lt;anonymous&gt; (test/social/testHashtagPublicSpace.js:114:7)</failure></testcase>
<testcase classname="SUITE - HASHTAG - PUBLIC SPACE" name="creates new hashtag #Testing" time="0"><failure>Cannot read property 'id' of null
TypeError: Cannot read property 'id' of null
    at Object.ref (src/serializers/postSerializer.js:25:32)
    at getRef (node_modules/jsonapi-serializer/lib/serializer-utils.js:42:19)
    at serializeRef (node_modules/jsonapi-serializer/lib/serializer-utils.js:165:14)
    at serialize (node_modules/jsonapi-serializer/lib/serializer-utils.js:125:21)
    at node_modules/jsonapi-serializer/lib/serializer-utils.js:263:14
    at arrayEach (node_modules/jsonapi-serializer/node_modules/lodash/index.js:1289:13)
    at Function.&lt;anonymous&gt; (node_modules/jsonapi-serializer/node_modules/lodash/index.js:3345:13)
    at perform (node_modules/jsonapi-serializer/lib/serializer-utils.js:250:7)
    at resource (node_modules/jsonapi-serializer/lib/serializer.js:34:20)
    at serialize (node_modules/jsonapi-serializer/lib/serializer.js:50:14)
    at PostSerializer.serialize (src/serializers/postSerializer.js:54:42)
    at Post.create (src/models/abstractModel.js:17:25)
    at Context.&lt;anonymous&gt; (test/social/testHashtagPublicSpace.js:129:7)</failure></testcase>
<testcase classname="SUITE - HASHTAG - PUBLIC SPACE" name="creates new hashtag #tésting" time="0"><failure>Cannot read property 'id' of null
TypeError: Cannot read property 'id' of null
    at Object.ref (src/serializers/postSerializer.js:25:32)
    at getRef (node_modules/jsonapi-serializer/lib/serializer-utils.js:42:19)
    at serializeRef (node_modules/jsonapi-serializer/lib/serializer-utils.js:165:14)
    at serialize (node_modules/jsonapi-serializer/lib/serializer-utils.js:125:21)
    at node_modules/jsonapi-serializer/lib/serializer-utils.js:263:14
    at arrayEach (node_modules/jsonapi-serializer/node_modules/lodash/index.js:1289:13)
    at Function.&lt;anonymous&gt; (node_modules/jsonapi-serializer/node_modules/lodash/index.js:3345:13)
    at perform (node_modules/jsonapi-serializer/lib/serializer-utils.js:250:7)
    at resource (node_modules/jsonapi-serializer/lib/serializer.js:34:20)
    at serialize (node_modules/jsonapi-serializer/lib/serializer.js:50:14)
    at PostSerializer.serialize (src/serializers/postSerializer.js:54:42)
    at Post.create (src/models/abstractModel.js:17:25)
    at Context.&lt;anonymous&gt; (test/social/testHashtagPublicSpace.js:144:7)</failure></testcase>
<testcase classname="SUITE - HASHTAG - PUBLIC SPACE" name="creates new hashtag #😀%&amp;!" time="0.001"><failure>Cannot read property 'id' of null
TypeError: Cannot read property 'id' of null
    at Object.ref (src/serializers/postSerializer.js:25:32)
    at getRef (node_modules/jsonapi-serializer/lib/serializer-utils.js:42:19)
    at serializeRef (node_modules/jsonapi-serializer/lib/serializer-utils.js:165:14)
    at serialize (node_modules/jsonapi-serializer/lib/serializer-utils.js:125:21)
    at node_modules/jsonapi-serializer/lib/serializer-utils.js:263:14
    at arrayEach (node_modules/jsonapi-serializer/node_modules/lodash/index.js:1289:13)
    at Function.&lt;anonymous&gt; (node_modules/jsonapi-serializer/node_modules/lodash/index.js:3345:13)
    at perform (node_modules/jsonapi-serializer/lib/serializer-utils.js:250:7)
    at resource (node_modules/jsonapi-serializer/lib/serializer.js:34:20)
    at serialize (node_modules/jsonapi-serializer/lib/serializer.js:50:14)
    at PostSerializer.serialize (src/serializers/postSerializer.js:54:42)
    at Post.create (src/models/abstractModel.js:17:25)
    at Context.&lt;anonymous&gt; (test/social/testHashtagPublicSpace.js:159:7)</failure></testcase>
<testcase classname="SUITE - HASHTAG - PUBLIC SPACE" name="creates new hashtag #MaríaGüillerminaGonçalvesNuñezOcoñor" time="0"><failure>Cannot read property 'id' of null
TypeError: Cannot read property 'id' of null
    at Object.ref (src/serializers/postSerializer.js:25:32)
    at getRef (node_modules/jsonapi-serializer/lib/serializer-utils.js:42:19)
    at serializeRef (node_modules/jsonapi-serializer/lib/serializer-utils.js:165:14)
    at serialize (node_modules/jsonapi-serializer/lib/serializer-utils.js:125:21)
    at node_modules/jsonapi-serializer/lib/serializer-utils.js:263:14
    at arrayEach (node_modules/jsonapi-serializer/node_modules/lodash/index.js:1289:13)
    at Function.&lt;anonymous&gt; (node_modules/jsonapi-serializer/node_modules/lodash/index.js:3345:13)
    at perform (node_modules/jsonapi-serializer/lib/serializer-utils.js:250:7)
    at resource (node_modules/jsonapi-serializer/lib/serializer.js:34:20)
    at serialize (node_modules/jsonapi-serializer/lib/serializer.js:50:14)
    at PostSerializer.serialize (src/serializers/postSerializer.js:54:42)
    at Post.create (src/models/abstractModel.js:17:25)
    at Context.&lt;anonymous&gt; (test/social/testHashtagPublicSpace.js:174:7)</failure></testcase>
<testcase classname="SUITE - HASHTAG - PUBLIC SPACE" name="creates new hashtag #estoEsVálidoHastaAcá😀loQueSigueNoEntra" time="0.001"><failure>Cannot read property 'id' of null
TypeError: Cannot read property 'id' of null
    at Object.ref (src/serializers/postSerializer.js:25:32)
    at getRef (node_modules/jsonapi-serializer/lib/serializer-utils.js:42:19)
    at serializeRef (node_modules/jsonapi-serializer/lib/serializer-utils.js:165:14)
    at serialize (node_modules/jsonapi-serializer/lib/serializer-utils.js:125:21)
    at node_modules/jsonapi-serializer/lib/serializer-utils.js:263:14
    at arrayEach (node_modules/jsonapi-serializer/node_modules/lodash/index.js:1289:13)
    at Function.&lt;anonymous&gt; (node_modules/jsonapi-serializer/node_modules/lodash/index.js:3345:13)
    at perform (node_modules/jsonapi-serializer/lib/serializer-utils.js:250:7)
    at resource (node_modules/jsonapi-serializer/lib/serializer.js:34:20)
    at serialize (node_modules/jsonapi-serializer/lib/serializer.js:50:14)
    at PostSerializer.serialize (src/serializers/postSerializer.js:54:42)
    at Post.create (src/models/abstractModel.js:17:25)
    at Context.&lt;anonymous&gt; (test/social/testHashtagPublicSpace.js:189:7)</failure></testcase>
<testcase classname="SUITE - HASHTAG - PUBLIC SPACE" name="creates new hashtag ##testing" time="0"><failure>Cannot read property 'id' of null
TypeError: Cannot read property 'id' of null
    at Object.ref (src/serializers/postSerializer.js:25:32)
    at getRef (node_modules/jsonapi-serializer/lib/serializer-utils.js:42:19)
    at serializeRef (node_modules/jsonapi-serializer/lib/serializer-utils.js:165:14)
    at serialize (node_modules/jsonapi-serializer/lib/serializer-utils.js:125:21)
    at node_modules/jsonapi-serializer/lib/serializer-utils.js:263:14
    at arrayEach (node_modules/jsonapi-serializer/node_modules/lodash/index.js:1289:13)
    at Function.&lt;anonymous&gt; (node_modules/jsonapi-serializer/node_modules/lodash/index.js:3345:13)
    at perform (node_modules/jsonapi-serializer/lib/serializer-utils.js:250:7)
    at resource (node_modules/jsonapi-serializer/lib/serializer.js:34:20)
    at serialize (node_modules/jsonapi-serializer/lib/serializer.js:50:14)
    at PostSerializer.serialize (src/serializers/postSerializer.js:54:42)
    at Post.create (src/models/abstractModel.js:17:25)
    at Context.&lt;anonymous&gt; (test/social/testHashtagPublicSpace.js:204:7)</failure></testcase>
<testcase classname="SUITE - HASHTAG - PUBLIC SPACE" name="creates new hashtag #EstosSonDos#Hashtags" time="0"><failure>Cannot read property 'id' of null
TypeError: Cannot read property 'id' of null
    at Object.ref (src/serializers/postSerializer.js:25:32)
    at getRef (node_modules/jsonapi-serializer/lib/serializer-utils.js:42:19)
    at serializeRef (node_modules/jsonapi-serializer/lib/serializer-utils.js:165:14)
    at serialize (node_modules/jsonapi-serializer/lib/serializer-utils.js:125:21)
    at node_modules/jsonapi-serializer/lib/serializer-utils.js:263:14
    at arrayEach (node_modules/jsonapi-serializer/node_modules/lodash/index.js:1289:13)
    at Function.&lt;anonymous&gt; (node_modules/jsonapi-serializer/node_modules/lodash/index.js:3345:13)
    at perform (node_modules/jsonapi-serializer/lib/serializer-utils.js:250:7)
    at resource (node_modules/jsonapi-serializer/lib/serializer.js:34:20)
    at serialize (node_modules/jsonapi-serializer/lib/serializer.js:50:14)
    at PostSerializer.serialize (src/serializers/postSerializer.js:54:42)
    at Post.create (src/models/abstractModel.js:17:25)
    at Context.&lt;anonymous&gt; (test/social/testHashtagPublicSpace.js:219:7)</failure></testcase>
<testcase classname="SUITE - HASHTAG - PUBLIC SPACE" name="creates new hashtag #caracterØEspecial #carâcterEspecial" time="0.001"><failure>Cannot read property 'id' of null
TypeError: Cannot read property 'id' of null
    at Object.ref (src/serializers/postSerializer.js:25:32)
    at getRef (node_modules/jsonapi-serializer/lib/serializer-utils.js:42:19)
    at serializeRef (node_modules/jsonapi-serializer/lib/serializer-utils.js:165:14)
    at serialize (node_modules/jsonapi-serializer/lib/serializer-utils.js:125:21)
    at node_modules/jsonapi-serializer/lib/serializer-utils.js:263:14
    at arrayEach (node_modules/jsonapi-serializer/node_modules/lodash/index.js:1289:13)
    at Function.&lt;anonymous&gt; (node_modules/jsonapi-serializer/node_modules/lodash/index.js:3345:13)
    at perform (node_modules/jsonapi-serializer/lib/serializer-utils.js:250:7)
    at resource (node_modules/jsonapi-serializer/lib/serializer.js:34:20)
    at serialize (node_modules/jsonapi-serializer/lib/serializer.js:50:14)
    at PostSerializer.serialize (src/serializers/postSerializer.js:54:42)
    at Post.create (src/models/abstractModel.js:17:25)
    at Context.&lt;anonymous&gt; (test/social/testHashtagPublicSpace.js:234:7)</failure></testcase>
<testcase classname="SUITE - HASHTAG - PUBLIC SPACE" name="Create comment on a post1 #testing" time="0.002"><failure>Cannot read property 'id' of null
TypeError: Cannot read property 'id' of null
    at Object.ref (src/serializers/commentSerializer.js:16:33)
    at getRef (node_modules/jsonapi-serializer/lib/serializer-utils.js:42:19)
    at serializeRef (node_modules/jsonapi-serializer/lib/serializer-utils.js:165:14)
    at serialize (node_modules/jsonapi-serializer/lib/serializer-utils.js:125:21)
    at node_modules/jsonapi-serializer/lib/serializer-utils.js:263:14
    at arrayEach (node_modules/jsonapi-serializer/node_modules/lodash/index.js:1289:13)
    at Function.&lt;anonymous&gt; (node_modules/jsonapi-serializer/node_modules/lodash/index.js:3345:13)
    at perform (node_modules/jsonapi-serializer/lib/serializer-utils.js:250:7)
    at resource (node_modules/jsonapi-serializer/lib/serializer.js:34:20)
    at serialize (node_modules/jsonapi-serializer/lib/serializer.js:50:14)
    at CommentSerializer.serialize (src/serializers/commentSerializer.js:47:42)
    at Comment.create (src/models/abstractModel.js:17:25)
    at Context.&lt;anonymous&gt; (test/social/testHashtagPublicSpace.js:249:10)</failure></testcase>
<testcase classname="SUITE - HASHTAG - PUBLIC SPACE" name="Create comment on a post2 #testing" time="0"><failure>Cannot read property 'id' of null
TypeError: Cannot read property 'id' of null
    at Object.ref (src/serializers/commentSerializer.js:16:33)
    at getRef (node_modules/jsonapi-serializer/lib/serializer-utils.js:42:19)
    at serializeRef (node_modules/jsonapi-serializer/lib/serializer-utils.js:165:14)
    at serialize (node_modules/jsonapi-serializer/lib/serializer-utils.js:125:21)
    at node_modules/jsonapi-serializer/lib/serializer-utils.js:263:14
    at arrayEach (node_modules/jsonapi-serializer/node_modules/lodash/index.js:1289:13)
    at Function.&lt;anonymous&gt; (node_modules/jsonapi-serializer/node_modules/lodash/index.js:3345:13)
    at perform (node_modules/jsonapi-serializer/lib/serializer-utils.js:250:7)
    at resource (node_modules/jsonapi-serializer/lib/serializer.js:34:20)
    at serialize (node_modules/jsonapi-serializer/lib/serializer.js:50:14)
    at CommentSerializer.serialize (src/serializers/commentSerializer.js:47:42)
    at Comment.create (src/models/abstractModel.js:17:25)
    at Context.&lt;anonymous&gt; (test/social/testHashtagPublicSpace.js:264:10)</failure></testcase>
<testcase classname="SUITE - HASHTAG - PUBLIC SPACE" name="Create response with hashtag to comment1 with hashtag" time="0.001"><failure>Cannot read property 'id' of null
TypeError: Cannot read property 'id' of null
    at Object.ref (src/serializers/commentSerializer.js:16:33)
    at getRef (node_modules/jsonapi-serializer/lib/serializer-utils.js:42:19)
    at serializeRef (node_modules/jsonapi-serializer/lib/serializer-utils.js:165:14)
    at serialize (node_modules/jsonapi-serializer/lib/serializer-utils.js:125:21)
    at node_modules/jsonapi-serializer/lib/serializer-utils.js:263:14
    at arrayEach (node_modules/jsonapi-serializer/node_modules/lodash/index.js:1289:13)
    at Function.&lt;anonymous&gt; (node_modules/jsonapi-serializer/node_modules/lodash/index.js:3345:13)
    at perform (node_modules/jsonapi-serializer/lib/serializer-utils.js:250:7)
    at resource (node_modules/jsonapi-serializer/lib/serializer.js:34:20)
    at serialize (node_modules/jsonapi-serializer/lib/serializer.js:50:14)
    at CommentSerializer.serialize (src/serializers/commentSerializer.js:47:42)
    at Comment.create (src/models/abstractModel.js:17:25)
    at Context.&lt;anonymous&gt; (test/social/testHashtagPublicSpace.js:282:10)</failure></testcase>
<testcase classname="SUITE - HASHTAG - PUBLIC SPACE" name="Create response with hashtag to comment2 with hashtag" time="0"><failure>Cannot read property 'id' of null
TypeError: Cannot read property 'id' of null
    at Object.ref (src/serializers/commentSerializer.js:16:33)
    at getRef (node_modules/jsonapi-serializer/lib/serializer-utils.js:42:19)
    at serializeRef (node_modules/jsonapi-serializer/lib/serializer-utils.js:165:14)
    at serialize (node_modules/jsonapi-serializer/lib/serializer-utils.js:125:21)
    at node_modules/jsonapi-serializer/lib/serializer-utils.js:263:14
    at arrayEach (node_modules/jsonapi-serializer/node_modules/lodash/index.js:1289:13)
    at Function.&lt;anonymous&gt; (node_modules/jsonapi-serializer/node_modules/lodash/index.js:3345:13)
    at perform (node_modules/jsonapi-serializer/lib/serializer-utils.js:250:7)
    at resource (node_modules/jsonapi-serializer/lib/serializer.js:34:20)
    at serialize (node_modules/jsonapi-serializer/lib/serializer.js:50:14)
    at CommentSerializer.serialize (src/serializers/commentSerializer.js:47:42)
    at Comment.create (src/models/abstractModel.js:17:25)
    at Context.&lt;anonymous&gt; (test/social/testHashtagPublicSpace.js:297:10)</failure></testcase>
<testcase classname="SUITE - HASHTAG - PUBLIC SPACE" name="Caso 1: gets posts filtering by hashtag - valid upper / lower case" time="0"><failure>Cannot read property 'id' of null
TypeError: Cannot read property 'id' of null
    at Context.&lt;anonymous&gt; (test/social/testHashtagPublicSpace.js:312:27)</failure></testcase>
<testcase classname="SUITE - HASHTAG - PUBLIC SPACE" name="Caso 2: Get posts filtering by hashtag - valid tilde" time="0"><failure>Cannot read property 'id' of null
TypeError: Cannot read property 'id' of null
    at Context.&lt;anonymous&gt; (test/social/testHashtagPublicSpace.js:324:27)</failure></testcase>
<testcase classname="SUITE - HASHTAG - PUBLIC SPACE" name="Caso 3: Get posts filtering by hashtag - validate special characters allowed" time="0.001"><failure>Cannot read property 'id' of null
TypeError: Cannot read property 'id' of null
    at Context.&lt;anonymous&gt; (test/social/testHashtagPublicSpace.js:336:27)</failure></testcase>
<testcase classname="SUITE - HASHTAG - PUBLIC SPACE" name="Caso 4: Get posts filtering by hashtag - validate to invalid character" time="0.001"><failure>Cannot read property 'id' of null
TypeError: Cannot read property 'id' of null
    at Context.&lt;anonymous&gt; (test/social/testHashtagPublicSpace.js:348:27)</failure></testcase>
<testcase classname="SUITE - HASHTAG - PUBLIC SPACE" name="Caso 5: Get posts filtering by hashtag - valid first hashtag" time="0"><failure>Cannot read property 'id' of null
TypeError: Cannot read property 'id' of null
    at Context.&lt;anonymous&gt; (test/social/testHashtagPublicSpace.js:360:27)</failure></testcase>
<testcase classname="SUITE - HASHTAG - PUBLIC SPACE" name="Caso 6: Get posts filtering by hashtag - validate hashtag second hashtag" time="0"><failure>Cannot read property 'id' of null
TypeError: Cannot read property 'id' of null
    at Context.&lt;anonymous&gt; (test/social/testHashtagPublicSpace.js:372:27)</failure></testcase>
<testcase classname="SUITE - HASHTAG - PUBLIC SPACE" name="Caso 7: Get all posts in the space" time="0.001"><failure>Cannot read property 'id' of null
TypeError: Cannot read property 'id' of null
    at Context.&lt;anonymous&gt; (test/social/testHashtagPublicSpace.js:384:27)</failure></testcase>
<testcase classname="SUITE - HASHTAG - PUBLIC SPACE" name="Caso 8: Get posts filtering by hashtag - valid range and pagination size 2" time="0"><failure>Cannot read property 'id' of null
TypeError: Cannot read property 'id' of null
    at Context.&lt;anonymous&gt; (test/social/testHashtagPublicSpace.js:396:39)</failure></testcase>
<testcase classname="SUITE - HASHTAG - PUBLIC SPACE" name="Caso 9: Get posts filtering by hashtag - valid range and pagination size 3" time="0"><failure>Cannot read property 'id' of null
TypeError: Cannot read property 'id' of null
    at Context.&lt;anonymous&gt; (test/social/testHashtagPublicSpace.js:413:39)</failure></testcase>
<testcase classname="SUITE - HASHTAG - PUBLIC SPACE" name="Caso 10: Get posts filtering by hashtag - olderThan" time="0.001"><failure>Cannot read property 'id' of null
TypeError: Cannot read property 'id' of null
    at Context.&lt;anonymous&gt; (test/social/testHashtagPublicSpace.js:443:27)</failure></testcase>
<testcase classname="SUITE - SOCIAL - HASHTAG - SUGERENCIAS" name="fetches a profile user" time="0.687"/>
<testcase classname="SUITE - SOCIAL - HASHTAG - SUGERENCIAS" name="creates a new public space" time="1.876"/>
<testcase classname="SUITE - SOCIAL - HASHTAG - SUGERENCIAS" name="creates a new company space" time="4.33"/>
<testcase classname="SUITE - SOCIAL - HASHTAG - SUGERENCIAS" name="creates a new private space" time="1.498"/>
<testcase classname="SUITE - SOCIAL - HASHTAG - SUGERENCIAS" name="creates new hashtag #testing" time="1.563"/>
<testcase classname="SUITE - SOCIAL - HASHTAG - SUGERENCIAS" name="creates new hashtag #TEsting" time="1.147"/>
<testcase classname="SUITE - SOCIAL - HASHTAG - SUGERENCIAS" name="Get posts filtering by hashtag - valid uppercase and lowercase" time="1.681"/>
<testcase classname="SUITE - SOCIAL - HASHTAG - SUGERENCIAS" name="Get posts filtering by hashtag - valid uppercase and lowercase" time="1.134"/>
<testcase classname="SUITE - SOCIAL - HASHTAG - SUGERENCIAS" name="creates new hashtag #testing" time="3.195"/>
<testcase classname="SUITE - SOCIAL - HASHTAG - SUGERENCIAS" name="creates new hashtag #hash tag" time="3.118"/>
<testcase classname="SUITE - SOCIAL - HASHTAG - SUGERENCIAS" name="creates new hashtag #hash-tag" time="2.626"/>
<testcase classname="SUITE - SOCIAL - HASHTAG - SUGERENCIAS" name="creates new hashtag #testDeIntegracion - company space" time="2.665"/>
<testcase classname="SUITE - SOCIAL - HASHTAG - SUGERENCIAS" name="creates new hashtag #testDeRegresion - private space" time="2.471"/>
<testcase classname="SUITE - SOCIAL - HASHTAG - SUGERENCIAS" name="creates new hashtag #testDeRegresion - private space" time="2.332"/>
<testcase classname="SUITE - SOCIAL - HASHTAG - SUGERENCIAS" name="Basic user filters suggestions publicly" time="0.465"/>
<testcase classname="SUITE - SOCIAL - HASHTAG - SUGERENCIAS" name="Basic user filters suggestions publicly" time="1.23"/>
<testcase classname="SUITE - SOCIAL - HASHTAG - SUGERENCIAS" name="Basic user filters suggestions by space company" time="0.929"/>
<testcase classname="SUITE - SOCIAL - HASHTAG - SUGERENCIAS" name="User filters suggestions for private space" time="1.371"/>
<testcase classname="SUITE - SOCIAL - HASHTAG - SUGERENCIAS" name="Basic user filters suggestions without private space" time="0.477"/>
<testcase classname="SUITE - SOCIAL - HASHTAG - SUGERENCIAS" name="Basic user filters suggestions-spaceBlanco by public space" time="1.934"/>
</testsuite>
